<?xml version="1.0" encoding="UTF-8"?>
<!-- Generated by org.testng.reporters.JUnitReportReporter -->
<testsuite hostname="NODE55" name="com.selenium.test.ExcelData" tests="1" failures="0" timestamp="9 Nov 2014 15:10:38 GMT" time="0.375" errors="0">
  <testcase name="data" time="0.375" classname="com.selenium.test.ExcelData"/>
</testsuite> <!-- com.selenium.test.ExcelData -->
