<?xml version="1.0" encoding="UTF-8"?>
<!-- Generated by org.testng.reporters.JUnitReportReporter -->
<testsuite hostname="NODE55" name="com.selenium.test.gmail" tests="1" failures="0" timestamp="9 Nov 2014 15:27:13 GMT" time="21.410" errors="0">
  <testcase name="test1" time="21.410" classname="com.selenium.test.gmail"/>
</testsuite> <!-- com.selenium.test.gmail -->
