<?xml version="1.0" encoding="UTF-8"?>
<!-- Generated by org.testng.reporters.JUnitReportReporter -->
<testsuite hostname="NODE55" name="com.selenium.test.gmail" tests="1" failures="0" timestamp="14 Dec 2014 16:07:02 GMT" time="21.907" errors="0">
  <testcase name="test1" time="21.907" classname="com.selenium.test.gmail"/>
</testsuite> <!-- com.selenium.test.gmail -->
