<?xml version="1.0" encoding="UTF-8"?>
<!-- Generated by org.testng.reporters.JUnitReportReporter -->
<testsuite hostname="NODE55" name="com.selenium.test.ExcelDataTest" tests="1" failures="0" timestamp="14 Dec 2014 16:39:48 GMT" time="0.343" errors="0">
  <testcase name="data" time="0.343" classname="com.selenium.test.ExcelDataTest"/>
</testsuite> <!-- com.selenium.test.ExcelDataTest -->
