<?xml version="1.0" encoding="UTF-8"?>
<!-- Generated by org.testng.reporters.JUnitReportReporter -->
<testsuite hostname="NODE55" name="com.selenium.test.GmailTest" tests="1" failures="0" timestamp="14 Dec 2014 16:39:48 GMT" time="22.496" errors="0">
  <testcase name="test1" time="22.496" classname="com.selenium.test.GmailTest"/>
</testsuite> <!-- com.selenium.test.GmailTest -->
